# JRE version: OpenJDK Runtime Environment Temurin-17.0.2+8 (17.0.2+8) (build 17.0.2+8)
# Java VM: OpenJDK 64-Bit Server VM Temurin-17.0.2+8 (17.0.2+8, mixed mode, tiered, compressed oops, compressed class ptrs, g1 gc, windows-amd64)
GC Precious Log:
 CPUs: 16 total, 16 available
 Memory: 15737M
 Large Page Support: Disabled
 NUMA Support: Disabled
 Compressed Oops: Enabled (Zero based)
 Heap Region Size: 2M
 Heap Min Capacity: 8M
 Heap Initial Capacity: 246M
 Heap Max Capacity: 3936M
 Pre-touch: Disabled
 Parallel Workers: 13
 Concurrent Workers: 3
 Concurrent Refinement Workers: 13
 Periodic GC: Disabled
Heap:
 garbage-first heap   total 69632K, used 25067K [0x000000070a000000, 0x0000000800000000)
  region size 2048K, 4 young (8192K), 2 survivors (4096K)
 Metaspace       used 47820K, committed 48192K, reserved 1097728K
  class space    used 5581K, committed 5760K, reserved 1048576K
GC Heap History (20 events):
Event: 0.592 GC heap before
{Heap before GC invocations=0 (full 0):
 garbage-first heap   total 251904K, used 22528K [0x000000070a000000, 0x0000000800000000)
  region size 2048K, 11 young (22528K), 0 survivors (0K)
 Metaspace       used 14410K, committed 14592K, reserved 1064960K
  class space    used 1429K, committed 1536K, reserved 1048576K
}
Event: 0.596 GC heap after
{Heap after GC invocations=1 (full 0):
 garbage-first heap   total 251904K, used 5108K [0x000000070a000000, 0x0000000800000000)
  region size 2048K, 2 young (4096K), 2 survivors (4096K)
 Metaspace       used 14410K, committed 14592K, reserved 1064960K
  class space    used 1429K, committed 1536K, reserved 1048576K
}
Event: 0.913 GC heap before
{Heap before GC invocations=1 (full 0):
 garbage-first heap   total 251904K, used 29684K [0x000000070a000000, 0x0000000800000000)
  region size 2048K, 15 young (30720K), 2 survivors (4096K)
 Metaspace       used 21350K, committed 21504K, reserved 1073152K
  class space    used 2291K, committed 2368K, reserved 1048576K
}
Event: 0.917 GC heap after
{Heap after GC invocations=2 (full 0):
 garbage-first heap   total 251904K, used 6727K [0x000000070a000000, 0x0000000800000000)
  region size 2048K, 1 young (2048K), 1 survivors (2048K)
 Metaspace       used 21350K, committed 21504K, reserved 1073152K
  class space    used 2291K, committed 2368K, reserved 1048576K
}
Event: 1.175 GC heap before
{Heap before GC invocations=3 (full 0):
 garbage-first heap   total 34816K, used 23111K [0x000000070a000000, 0x0000000800000000)
  region size 2048K, 10 young (20480K), 1 survivors (2048K)
 Metaspace       used 24206K, committed 24448K, reserved 1073152K
  class space    used 2671K, committed 2816K, reserved 1048576K
}
Event: 1.178 GC heap after
{Heap after GC invocations=4 (full 0):
 garbage-first heap   total 34816K, used 7893K [0x000000070a000000, 0x0000000800000000)
  region size 2048K, 2 young (4096K), 2 survivors (4096K)
 Metaspace       used 24206K, committed 24448K, reserved 1073152K
  class space    used 2671K, committed 2816K, reserved 1048576K
}
Event: 1.215 GC heap before
{Heap before GC invocations=4 (full 0):
 garbage-first heap   total 34816K, used 9941K [0x000000070a000000, 0x0000000800000000)
  region size 2048K, 3 young (6144K), 2 survivors (4096K)
 Metaspace       used 24384K, committed 24640K, reserved 1073152K
  class space    used 2684K, committed 2816K, reserved 1048576K
}
Event: 1.218 GC heap after
{Heap after GC invocations=5 (full 0):
 garbage-first heap   total 34816K, used 8123K [0x000000070a000000, 0x0000000800000000)
  region size 2048K, 1 young (2048K), 1 survivors (2048K)
 Metaspace       used 24384K, committed 24640K, reserved 1073152K
  class space    used 2684K, committed 2816K, reserved 1048576K
}
Event: 1.490 GC heap before
{Heap before GC invocations=5 (full 0):
 garbage-first heap   total 34816K, used 22459K [0x000000070a000000, 0x0000000800000000)
  region size 2048K, 8 young (16384K), 1 survivors (2048K)
 Metaspace       used 26174K, committed 26432K, reserved 1073152K
  class space    used 2905K, committed 3008K, reserved 1048576K
}
Event: 1.493 GC heap after
{Heap after GC invocations=6 (full 0):
 garbage-first heap   total 34816K, used 8857K [0x000000070a000000, 0x0000000800000000)
  region size 2048K, 1 young (2048K), 1 survivors (2048K)
 Metaspace       used 26174K, committed 26432K, reserved 1073152K
  class space    used 2905K, committed 3008K, reserved 1048576K
}
Event: 1.807 GC heap before
{Heap before GC invocations=6 (full 0):
 garbage-first heap   total 34816K, used 23193K [0x000000070a000000, 0x0000000800000000)
  region size 2048K, 8 young (16384K), 1 survivors (2048K)
 Metaspace       used 29115K, committed 29440K, reserved 1081344K
  class space    used 3283K, committed 3456K, reserved 1048576K
}
Event: 1.810 GC heap after
{Heap after GC invocations=7 (full 0):
 garbage-first heap   total 34816K, used 10340K [0x000000070a000000, 0x0000000800000000)
  region size 2048K, 1 young (2048K), 1 survivors (2048K)
 Metaspace       used 29115K, committed 29440K, reserved 1081344K
  class space    used 3283K, committed 3456K, reserved 1048576K
}
Event: 2.082 GC heap before
{Heap before GC invocations=7 (full 0):
 garbage-first heap   total 34816K, used 20580K [0x000000070a000000, 0x0000000800000000)
  region size 2048K, 7 young (14336K), 1 survivors (2048K)
 Metaspace       used 31257K, committed 31552K, reserved 1081344K
  class space    used 3587K, committed 3712K, reserved 1048576K
}
Event: 2.088 GC heap after
{Heap after GC invocations=8 (full 0):
 garbage-first heap   total 143360K, used 12003K [0x000000070a000000, 0x0000000800000000)
  region size 2048K, 1 young (2048K), 1 survivors (2048K)
 Metaspace       used 31257K, committed 31552K, reserved 1081344K
  class space    used 3587K, committed 3712K, reserved 1048576K
}
Event: 2.678 GC heap before
{Heap before GC invocations=8 (full 0):
 garbage-first heap   total 143360K, used 44771K [0x000000070a000000, 0x0000000800000000)
  region size 2048K, 18 young (36864K), 1 survivors (2048K)
 Metaspace       used 35624K, committed 35968K, reserved 1081344K
  class space    used 4117K, committed 4288K, reserved 1048576K
}
Event: 2.681 GC heap after
{Heap after GC invocations=9 (full 0):
 garbage-first heap   total 143360K, used 16313K [0x000000070a000000, 0x0000000800000000)
  region size 2048K, 3 young (6144K), 3 survivors (6144K)
 Metaspace       used 35624K, committed 35968K, reserved 1081344K
  class space    used 4117K, committed 4288K, reserved 1048576K
}
Event: 3.362 GC heap before
{Heap before GC invocations=10 (full 0):
 garbage-first heap   total 69632K, used 51129K [0x000000070a000000, 0x0000000800000000)
  region size 2048K, 20 young (40960K), 3 survivors (6144K)
 Metaspace       used 38641K, committed 38976K, reserved 1089536K
  class space    used 4563K, committed 4736K, reserved 1048576K
}
Event: 3.366 GC heap after
{Heap after GC invocations=11 (full 0):
 garbage-first heap   total 69632K, used 21053K [0x000000070a000000, 0x0000000800000000)
  region size 2048K, 3 young (6144K), 3 survivors (6144K)
 Metaspace       used 38641K, committed 38976K, reserved 1089536K
  class space    used 4563K, committed 4736K, reserved 1048576K
}
Event: 21.555 GC heap before
{Heap before GC invocations=11 (full 0):
 garbage-first heap   total 69632K, used 45629K [0x000000070a000000, 0x0000000800000000)
  region size 2048K, 16 young (32768K), 3 survivors (6144K)
 Metaspace       used 47212K, committed 47488K, reserved 1097728K
  class space    used 5553K, committed 5696K, reserved 1048576K
}
Event: 21.559 GC heap after
{Heap after GC invocations=12 (full 0):
 garbage-first heap   total 69632K, used 23019K [0x000000070a000000, 0x0000000800000000)
  region size 2048K, 2 young (4096K), 2 survivors (4096K)
 Metaspace       used 47212K, committed 47488K, reserved 1097728K
  class space    used 5553K, committed 5696K, reserved 1048576K
}

